   ......Read Atmosphere:   0.000 [sec]

   .............Geometry:   0.000 [sec]

    ........Read Atom H :   0.000 [sec]
    ........Read Atom C :   0.000 [sec]
    ........Read Atom O :   0.000 [sec]
    ........Read Atom SI:   0.000 [sec]
    ........Read Atom AL:   0.000 [sec]
    ......Read Active CA:   0.000 [sec]
    ........Read Atom FE:   0.000 [sec]
    ........Read Atom HE:   0.000 [sec]
    ........Read Atom MG:   0.010 [sec]
    ........Read Atom N :   0.000 [sec]
    ........Read Atom NA:   0.000 [sec]
    ........Read Atom S :   0.000 [sec]
   ....Read atomic input:   0.010 [sec]

    ...Read Molecule  H2:   0.000 [sec]
    ...Read Molecule H2+:   0.000 [sec]
    ...Read Molecule  C2:   0.000 [sec]
    ...Read Molecule  N2:   0.000 [sec]
    ...Read Molecule  O2:   0.000 [sec]
    ...Read Molecule  CH:   0.000 [sec]
    ...Read Molecule  CO:   0.000 [sec]
    ...Read Molecule  CN:   0.000 [sec]
    ...Read Molecule  NH:   0.000 [sec]
    ...Read Molecule  NO:   0.000 [sec]
    ...Read Molecule  OH:   0.000 [sec]
    ...Read Molecule H2O:   0.000 [sec]
    ...Read Molecule MGH:   0.000 [sec]
   .Read molecular input:   0.000 [sec]

   ...........SortLambda:   0.000 [sec]

    ..........LTEpops H :   0.000 [sec]
    ..........LTEpops C :   0.000 [sec]
    ..........LTEpops O :   0.000 [sec]
    ..........LTEpops SI:   0.000 [sec]
    ..........LTEpops AL:   0.000 [sec]
    ..........LTEpops CA:   0.000 [sec]
    ...Collision Rate CA:   0.000 [sec]
    ..........LTEpops FE:   0.000 [sec]
    ..........LTEpops HE:   0.000 [sec]
    ..........LTEpops MG:   0.000 [sec]
    ..........LTEpops N :   0.000 [sec]
    ..........LTEpops NA:   0.000 [sec]
    ..........LTEpops S :   0.000 [sec]
    Chemical equilibrium:   0.000 [sec]
    ..Background Opacity:   0.070 [sec]
   .....Total Background:   0.070 [sec]

    .....Profile   397.0:   0.000 [sec]
    .....Profile   393.5:   0.010 [sec]
    .....Profile   866.5:   0.000 [sec]
    .....Profile   850.0:   0.000 [sec]
    .....Profile   854.4:   0.000 [sec]
   .............Profiles:   0.010 [sec]

    ..........Stat Equil:   0.000 [sec]
    ......Solve Spectrum:   0.210 [sec]
    ......Solve Spectrum:   0.220 [sec]
    ......Solve Spectrum:   0.230 [sec]
   .....Initial solution:   0.660 [sec]

  ......Total initialize:   0.760 [sec]


    .Spectrum & Operator:   0.250 [sec]
    ..........Stat Equil:   0.000 [sec]
    ...Scatter Int 397.0:   0.070 [sec]
    ...Scatter Int 393.5:   0.060 [sec]
    ......Solve Spectrum:   0.080 [sec]
    ...Scatter Int 397.0:   0.010 [sec]
    ...Scatter Int 393.5:   0.010 [sec]
    ......Solve Spectrum:   0.080 [sec]
    ...Scatter Int 397.0:   0.030 [sec]
    ...Scatter Int 393.5:   0.020 [sec]
    ......Solve Spectrum:   0.070 [sec]
   ..Total Iteration   1:   0.690 [sec]

    .Spectrum & Operator:   0.240 [sec]
    ..........Stat Equil:   0.000 [sec]
    ...Scatter Int 397.0:   0.020 [sec]
    ...Scatter Int 393.5:   0.030 [sec]
    ......Solve Spectrum:   0.070 [sec]
    ...Scatter Int 397.0:   0.020 [sec]
    ...Scatter Int 393.5:   0.020 [sec]
    ......Solve Spectrum:   0.080 [sec]
    ...Scatter Int 397.0:   0.020 [sec]
    ...Scatter Int 393.5:   0.020 [sec]
    ......Solve Spectrum:   0.070 [sec]
   ..Total Iteration   2:   0.590 [sec]

    .Spectrum & Operator:   0.250 [sec]
    ..........Stat Equil:   0.000 [sec]
    ...Scatter Int 397.0:   0.030 [sec]
    ...Scatter Int 393.5:   0.010 [sec]
    ......Solve Spectrum:   0.080 [sec]
    ...Scatter Int 397.0:   0.010 [sec]
    ...Scatter Int 393.5:   0.010 [sec]
    ......Solve Spectrum:   0.090 [sec]
    ...Scatter Int 397.0:   0.010 [sec]
    ...Scatter Int 393.5:   0.020 [sec]
    ......Solve Spectrum:   0.080 [sec]
   ..Total Iteration   3:   0.600 [sec]

    .Spectrum & Operator:   0.250 [sec]
    ..........Stat Equil:   0.000 [sec]
    ...Scatter Int 397.0:   0.020 [sec]
    ...Scatter Int 393.5:   0.020 [sec]
    ......Solve Spectrum:   0.070 [sec]
    ...Scatter Int 397.0:   0.030 [sec]
    ...Scatter Int 393.5:   0.010 [sec]
    ......Solve Spectrum:   0.080 [sec]
    ...Scatter Int 397.0:   0.020 [sec]
    ...Scatter Int 393.5:   0.010 [sec]
    ......Solve Spectrum:   0.080 [sec]
   ..Total Iteration   4:   0.590 [sec]

    .Spectrum & Operator:   0.240 [sec]
    ..........Stat Equil:   0.000 [sec]
    ..........Accelerate:   0.000 [sec]
    ...Scatter Int 397.0:   0.030 [sec]
    ...Scatter Int 393.5:   0.020 [sec]
    ......Solve Spectrum:   0.070 [sec]
    ...Scatter Int 397.0:   0.020 [sec]
    ...Scatter Int 393.5:   0.020 [sec]
    ......Solve Spectrum:   0.070 [sec]
    ...Scatter Int 397.0:   0.030 [sec]
    ...Scatter Int 393.5:   0.020 [sec]
    ......Solve Spectrum:   0.070 [sec]
   ..Total Iteration   5:   0.590 [sec]

    .Spectrum & Operator:   0.240 [sec]
    ..........Stat Equil:   0.000 [sec]
    ...Scatter Int 397.0:   0.030 [sec]
    ...Scatter Int 393.5:   0.010 [sec]
    ......Solve Spectrum:   0.080 [sec]
    ...Scatter Int 397.0:   0.020 [sec]
    ...Scatter Int 393.5:   0.020 [sec]
    ......Solve Spectrum:   0.080 [sec]
    ...Scatter Int 397.0:   0.010 [sec]
    ...Scatter Int 393.5:   0.020 [sec]
    ......Solve Spectrum:   0.080 [sec]
   ..Total Iteration   6:   0.590 [sec]

    .Spectrum & Operator:   0.260 [sec]
    ..........Stat Equil:   0.000 [sec]
    ...Scatter Int 397.0:   0.020 [sec]
    ...Scatter Int 393.5:   0.010 [sec]
    ......Solve Spectrum:   0.080 [sec]
    ...Scatter Int 397.0:   0.020 [sec]
    ...Scatter Int 393.5:   0.020 [sec]
    ......Solve Spectrum:   0.080 [sec]
    ...Scatter Int 397.0:   0.010 [sec]
    ...Scatter Int 393.5:   0.030 [sec]
    ......Solve Spectrum:   0.080 [sec]
   ..Total Iteration   7:   0.610 [sec]

    .Spectrum & Operator:   0.240 [sec]
    ..........Stat Equil:   0.000 [sec]
    ..........Accelerate:   0.000 [sec]
    ...Scatter Int 397.0:   0.020 [sec]
    ...Scatter Int 393.5:   0.030 [sec]
    ......Solve Spectrum:   0.080 [sec]
    ...Scatter Int 397.0:   0.020 [sec]
    ...Scatter Int 393.5:   0.010 [sec]
    ......Solve Spectrum:   0.080 [sec]
    ...Scatter Int 397.0:   0.030 [sec]
    ...Scatter Int 393.5:   0.020 [sec]
    ......Solve Spectrum:   0.080 [sec]
   ..Total Iteration   8:   0.610 [sec]

    .Spectrum & Operator:   0.250 [sec]
    ..........Stat Equil:   0.000 [sec]
    ...Scatter Int 397.0:   0.010 [sec]
    ...Scatter Int 393.5:   0.030 [sec]
    ......Solve Spectrum:   0.080 [sec]
    ...Scatter Int 397.0:   0.020 [sec]
    ...Scatter Int 393.5:   0.020 [sec]
    ......Solve Spectrum:   0.080 [sec]
    ...Scatter Int 397.0:   0.020 [sec]
    ...Scatter Int 393.5:   0.010 [sec]
    ......Solve Spectrum:   0.080 [sec]
   ..Total Iteration   9:   0.600 [sec]

    .Spectrum & Operator:   0.260 [sec]
    ..........Stat Equil:   0.000 [sec]
    ...Scatter Int 397.0:   0.020 [sec]
    ...Scatter Int 393.5:   0.010 [sec]
    ......Solve Spectrum:   0.080 [sec]
    ...Scatter Int 397.0:   0.020 [sec]
    ...Scatter Int 393.5:   0.020 [sec]
    ......Solve Spectrum:   0.080 [sec]
    ...Scatter Int 397.0:   0.020 [sec]
    ...Scatter Int 393.5:   0.020 [sec]
    ......Solve Spectrum:   0.080 [sec]
   ..Total Iteration  10:   0.610 [sec]

    .Spectrum & Operator:   0.260 [sec]
    ..........Stat Equil:   0.000 [sec]
    ..........Accelerate:   0.000 [sec]
    ...Scatter Int 397.0:   0.020 [sec]
    ...Scatter Int 393.5:   0.010 [sec]
    ......Solve Spectrum:   0.080 [sec]
    ...Scatter Int 397.0:   0.020 [sec]
    ...Scatter Int 393.5:   0.020 [sec]
    ......Solve Spectrum:   0.080 [sec]
    ...Scatter Int 397.0:   0.020 [sec]
    ...Scatter Int 393.5:   0.020 [sec]
    ......Solve Spectrum:   0.080 [sec]
   ..Total Iteration  11:   0.610 [sec]

  .......Iteration Total:   6.690 [sec]


    ......Solve Spectrum:   0.230 [sec]
  ..........Write output:   0.020 [sec]



Total_time____:    7.700 [sec]  (user: 96.8%, system:  3.2%)

